mode: atomic
github.com/pathak107/k8Example/k8service/k8service.go:25.40,28.2 2 4
github.com/pathak107/k8Example/k8service/k8service.go:30.58,33.16 2 0
github.com/pathak107/k8Example/k8service/k8service.go:46.2,47.16 2 0
github.com/pathak107/k8Example/k8service/k8service.go:52.2,52.23 1 0
github.com/pathak107/k8Example/k8service/k8service.go:33.16,35.14 2 0
github.com/pathak107/k8Example/k8service/k8service.go:38.3,40.17 3 0
github.com/pathak107/k8Example/k8service/k8service.go:35.14,37.4 1 0
github.com/pathak107/k8Example/k8service/k8service.go:40.17,43.4 2 0
github.com/pathak107/k8Example/k8service/k8service.go:47.16,50.3 2 0
github.com/pathak107/k8Example/k8service/k8service.go:55.85,57.16 2 1
github.com/pathak107/k8Example/k8service/k8service.go:61.2,62.33 2 1
github.com/pathak107/k8Example/k8service/k8service.go:65.2,65.22 1 1
github.com/pathak107/k8Example/k8service/k8service.go:57.16,60.3 2 0
github.com/pathak107/k8Example/k8service/k8service.go:62.33,64.3 1 1
github.com/pathak107/k8Example/k8service/k8service.go:67.92,69.16 2 1
github.com/pathak107/k8Example/k8service/k8service.go:73.2,74.47 2 1
github.com/pathak107/k8Example/k8service/k8service.go:77.2,77.29 1 1
github.com/pathak107/k8Example/k8service/k8service.go:69.16,72.3 2 0
github.com/pathak107/k8Example/k8service/k8service.go:74.47,76.3 1 1
github.com/pathak107/k8Example/k8service/k8service.go:79.88,81.16 2 1
github.com/pathak107/k8Example/k8service/k8service.go:85.2,86.39 2 1
github.com/pathak107/k8Example/k8service/k8service.go:89.2,89.25 1 1
github.com/pathak107/k8Example/k8service/k8service.go:81.16,84.3 2 0
github.com/pathak107/k8Example/k8service/k8service.go:86.39,88.3 1 1
github.com/pathak107/k8Example/k8service/k8service.go:91.89,93.16 2 1
github.com/pathak107/k8Example/k8service/k8service.go:97.2,98.41 2 1
github.com/pathak107/k8Example/k8service/k8service.go:101.2,101.26 1 1
github.com/pathak107/k8Example/k8service/k8service.go:93.16,96.3 2 0
github.com/pathak107/k8Example/k8service/k8service.go:98.41,100.3 1 1
